<?xml version="1.0" encoding="UTF-8"?>
<!-- Generated by org.testng.reporters.JUnitReportReporter -->
<testsuite hostname="DESKTOP-1M07G5A" name="gitTest.GitTest" tests="1" failures="0" timestamp="7 Aug 2017 04:39:12 GMT" time="15.694" errors="0">
  <testcase name="loginTest" time="15.694" classname="gitTest.GitTest"/>
</testsuite> <!-- gitTest.GitTest -->
