<?xml version="1.0" encoding="UTF-8"?>
<!-- Generated by org.testng.reporters.JUnitReportReporter -->
<testsuite hostname="DESKTOP-1M07G5A" name="gitTest.GitTest" tests="1" failures="0" timestamp="9 Aug 2017 04:41:49 GMT" time="18.868" errors="0">
  <testcase name="loginTest" time="18.868" classname="gitTest.GitTest"/>
</testsuite> <!-- gitTest.GitTest -->
